# JRE version: OpenJDK Runtime Environment (8.0_212-b04) (build 1.8.0_212-release-1586-b04)
# Java VM: OpenJDK 64-Bit Server VM (25.212-b04 mixed mode windows-amd64 compressed oops)
Heap:
 PSYoungGen      total 239616K, used 69297K [0x00000000e0000000, 0x00000000f0d00000, 0x0000000100000000)
  eden space 206848K, 33% used [0x00000000e0000000,0x00000000e43ac6f0,0x00000000eca00000)
  from space 32768K, 0% used [0x00000000eed00000,0x00000000eed00000,0x00000000f0d00000)
  to   space 34304K, 0% used [0x00000000eca00000,0x00000000eca00000,0x00000000eeb80000)
 ParOldGen       total 162304K, used 57272K [0x00000000a0000000, 0x00000000a9e80000, 0x00000000e0000000)
  object space 162304K, 35% used [0x00000000a0000000,0x00000000a37ee060,0x00000000a9e80000)
 Metaspace       used 94790K, capacity 99268K, committed 99392K, reserved 1134592K
  class space    used 12511K, capacity 13453K, committed 13568K, reserved 1048576K
GC Heap History (10 events):
Event: 408.758 GC heap before
{Heap before GC invocations=22 (full 3):
 PSYoungGen      total 197632K, used 186658K [0x00000000e0000000, 0x00000000ed580000, 0x0000000100000000)
  eden space 181760K, 99% used [0x00000000e0000000,0x00000000eb10ce70,0x00000000eb180000)
  from space 15872K, 33% used [0x00000000ec600000,0x00000000ecb3bd40,0x00000000ed580000)
  to   space 18432K, 0% used [0x00000000eb180000,0x00000000eb180000,0x00000000ec380000)
 ParOldGen       total 101888K, used 41737K [0x00000000a0000000, 0x00000000a6380000, 0x00000000e0000000)
  object space 101888K, 40% used [0x00000000a0000000,0x00000000a28c2760,0x00000000a6380000)
 Metaspace       used 82619K, capacity 85980K, committed 86144K, reserved 1124352K
  class space    used 11184K, capacity 11847K, committed 11904K, reserved 1048576K
Event: 408.905 GC heap after
Heap after GC invocations=22 (full 3):
 PSYoungGen      total 200192K, used 18421K [0x00000000e0000000, 0x00000000ef400000, 0x0000000100000000)
  eden space 181760K, 0% used [0x00000000e0000000,0x00000000e0000000,0x00000000eb180000)
  from space 18432K, 99% used [0x00000000eb180000,0x00000000ec37d460,0x00000000ec380000)
  to   space 24576K, 0% used [0x00000000edc00000,0x00000000edc00000,0x00000000ef400000)
 ParOldGen       total 101888K, used 50847K [0x00000000a0000000, 0x00000000a6380000, 0x00000000e0000000)
  object space 101888K, 49% used [0x00000000a0000000,0x00000000a31a7fc8,0x00000000a6380000)
 Metaspace       used 82619K, capacity 85980K, committed 86144K, reserved 1124352K
  class space    used 11184K, capacity 11847K, committed 11904K, reserved 1048576K
}
Event: 422.619 GC heap before
{Heap before GC invocations=23 (full 3):
 PSYoungGen      total 200192K, used 200181K [0x00000000e0000000, 0x00000000ef400000, 0x0000000100000000)
  eden space 181760K, 100% used [0x00000000e0000000,0x00000000eb180000,0x00000000eb180000)
  from space 18432K, 99% used [0x00000000eb180000,0x00000000ec37d460,0x00000000ec380000)
  to   space 24576K, 0% used [0x00000000edc00000,0x00000000edc00000,0x00000000ef400000)
 ParOldGen       total 101888K, used 50847K [0x00000000a0000000, 0x00000000a6380000, 0x00000000e0000000)
  object space 101888K, 49% used [0x00000000a0000000,0x00000000a31a7fc8,0x00000000a6380000)
 Metaspace       used 85162K, capacity 88498K, committed 88576K, reserved 1126400K
  class space    used 11356K, capacity 12006K, committed 12032K, reserved 1048576K
Event: 422.996 GC heap after
Heap after GC invocations=23 (full 3):
 PSYoungGen      total 212480K, used 24557K [0x00000000e0000000, 0x00000000f1100000, 0x0000000100000000)
  eden space 187904K, 0% used [0x00000000e0000000,0x00000000e0000000,0x00000000eb780000)
  from space 24576K, 99% used [0x00000000edc00000,0x00000000ef3fb418,0x00000000ef400000)
  to   space 37376K, 0% used [0x00000000eb780000,0x00000000eb780000,0x00000000edc00000)
 ParOldGen       total 101888K, used 73762K [0x00000000a0000000, 0x00000000a6380000, 0x00000000e0000000)
  object space 101888K, 72% used [0x00000000a0000000,0x00000000a4808990,0x00000000a6380000)
 Metaspace       used 85162K, capacity 88498K, committed 88576K, reserved 1126400K
  class space    used 11356K, capacity 12006K, committed 12032K, reserved 1048576K
}
Event: 593.069 GC heap before
{Heap before GC invocations=24 (full 3):
 PSYoungGen      total 212480K, used 212461K [0x00000000e0000000, 0x00000000f1100000, 0x0000000100000000)
  eden space 187904K, 100% used [0x00000000e0000000,0x00000000eb780000,0x00000000eb780000)
  from space 24576K, 99% used [0x00000000edc00000,0x00000000ef3fb418,0x00000000ef400000)
  to   space 37376K, 0% used [0x00000000eb780000,0x00000000eb780000,0x00000000edc00000)
 ParOldGen       total 101888K, used 73762K [0x00000000a0000000, 0x00000000a6380000, 0x00000000e0000000)
  object space 101888K, 72% used [0x00000000a0000000,0x00000000a4808990,0x00000000a6380000)
 Metaspace       used 90450K, capacity 94410K, committed 94464K, reserved 1130496K
  class space    used 11984K, capacity 12790K, committed 12800K, reserved 1048576K
Event: 593.156 GC heap after
Heap after GC invocations=24 (full 3):
 PSYoungGen      total 225280K, used 14075K [0x00000000e0000000, 0x00000000f0f80000, 0x0000000100000000)
  eden space 187904K, 0% used [0x00000000e0000000,0x00000000e0000000,0x00000000eb780000)
  from space 37376K, 37% used [0x00000000eb780000,0x00000000ec53ec98,0x00000000edc00000)
  to   space 35328K, 0% used [0x00000000eed00000,0x00000000eed00000,0x00000000f0f80000)
 ParOldGen       total 101888K, used 74610K [0x00000000a0000000, 0x00000000a6380000, 0x00000000e0000000)
  object space 101888K, 73% used [0x00000000a0000000,0x00000000a48dcbf0,0x00000000a6380000)
 Metaspace       used 90450K, capacity 94410K, committed 94464K, reserved 1130496K
  class space    used 11984K, capacity 12790K, committed 12800K, reserved 1048576K
}
Event: 600.864 GC heap before
{Heap before GC invocations=25 (full 3):
 PSYoungGen      total 225280K, used 139088K [0x00000000e0000000, 0x00000000f0f80000, 0x0000000100000000)
  eden space 187904K, 66% used [0x00000000e0000000,0x00000000e7a153d8,0x00000000eb780000)
  from space 37376K, 37% used [0x00000000eb780000,0x00000000ec53ec98,0x00000000edc00000)
  to   space 35328K, 0% used [0x00000000eed00000,0x00000000eed00000,0x00000000f0f80000)
 ParOldGen       total 101888K, used 74610K [0x00000000a0000000, 0x00000000a6380000, 0x00000000e0000000)
  object space 101888K, 73% used [0x00000000a0000000,0x00000000a48dcbf0,0x00000000a6380000)
 Metaspace       used 94040K, capacity 98404K, committed 98496K, reserved 1134592K
  class space    used 12438K, capacity 13348K, committed 13440K, reserved 1048576K
Event: 600.950 GC heap after
Heap after GC invocations=25 (full 3):
 PSYoungGen      total 239616K, used 17315K [0x00000000e0000000, 0x00000000f0d00000, 0x0000000100000000)
  eden space 206848K, 0% used [0x00000000e0000000,0x00000000e0000000,0x00000000eca00000)
  from space 32768K, 52% used [0x00000000eed00000,0x00000000efde8e68,0x00000000f0d00000)
  to   space 34304K, 0% used [0x00000000eca00000,0x00000000eca00000,0x00000000eeb80000)
 ParOldGen       total 101888K, used 74618K [0x00000000a0000000, 0x00000000a6380000, 0x00000000e0000000)
  object space 101888K, 73% used [0x00000000a0000000,0x00000000a48debf0,0x00000000a6380000)
 Metaspace       used 94040K, capacity 98404K, committed 98496K, reserved 1134592K
  class space    used 12438K, capacity 13348K, committed 13440K, reserved 1048576K
}
Event: 600.950 GC heap before
{Heap before GC invocations=26 (full 4):
 PSYoungGen      total 239616K, used 17315K [0x00000000e0000000, 0x00000000f0d00000, 0x0000000100000000)
  eden space 206848K, 0% used [0x00000000e0000000,0x00000000e0000000,0x00000000eca00000)
  from space 32768K, 52% used [0x00000000eed00000,0x00000000efde8e68,0x00000000f0d00000)
  to   space 34304K, 0% used [0x00000000eca00000,0x00000000eca00000,0x00000000eeb80000)
 ParOldGen       total 101888K, used 74618K [0x00000000a0000000, 0x00000000a6380000, 0x00000000e0000000)
  object space 101888K, 73% used [0x00000000a0000000,0x00000000a48debf0,0x00000000a6380000)
 Metaspace       used 94040K, capacity 98404K, committed 98496K, reserved 1134592K
  class space    used 12438K, capacity 13348K, committed 13440K, reserved 1048576K
Event: 601.810 GC heap after
Heap after GC invocations=26 (full 4):
 PSYoungGen      total 239616K, used 0K [0x00000000e0000000, 0x00000000f0d00000, 0x0000000100000000)
  eden space 206848K, 0% used [0x00000000e0000000,0x00000000e0000000,0x00000000eca00000)
  from space 32768K, 0% used [0x00000000eed00000,0x00000000eed00000,0x00000000f0d00000)
  to   space 34304K, 0% used [0x00000000eca00000,0x00000000eca00000,0x00000000eeb80000)
 ParOldGen       total 162304K, used 57272K [0x00000000a0000000, 0x00000000a9e80000, 0x00000000e0000000)
  object space 162304K, 35% used [0x00000000a0000000,0x00000000a37ee060,0x00000000a9e80000)
 Metaspace       used 93954K, capacity 98144K, committed 98496K, reserved 1134592K
  class space    used 12410K, capacity 13303K, committed 13440K, reserved 1048576K
}

