# JRE version: OpenJDK Runtime Environment (8.0_212-b04) (build 1.8.0_212-release-1586-b04)
# Java VM: OpenJDK 64-Bit Server VM (25.212-b04 mixed mode windows-amd64 compressed oops)
Heap:
 PSYoungGen      total 292352K, used 205884K [0x00000000e0000000, 0x00000000f2f80000, 0x0000000100000000)
  eden space 273920K, 68% used [0x00000000e0000000,0x00000000eb716160,0x00000000f0b80000)
  from space 18432K, 99% used [0x00000000f0b80000,0x00000000f1d78fc8,0x00000000f1d80000)
  to   space 10752K, 0% used [0x00000000f2500000,0x00000000f2500000,0x00000000f2f80000)
 ParOldGen       total 84480K, used 65373K [0x00000000a0000000, 0x00000000a5280000, 0x00000000e0000000)
  object space 84480K, 77% used [0x00000000a0000000,0x00000000a3fd75a8,0x00000000a5280000)
 Metaspace       used 83510K, capacity 87028K, committed 87256K, reserved 1124352K
  class space    used 11167K, capacity 11867K, committed 11992K, reserved 1048576K
GC Heap History (10 events):
Event: 56.178 GC heap before
{Heap before GC invocations=14 (full 2):
 PSYoungGen      total 161280K, used 127793K [0x00000000e0000000, 0x00000000ef400000, 0x0000000100000000)
  eden space 146944K, 77% used [0x00000000e0000000,0x00000000e6ed3640,0x00000000e8f80000)
  from space 14336K, 99% used [0x00000000e8f80000,0x00000000e9d78e88,0x00000000e9d80000)
  to   space 17920K, 0% used [0x00000000ee280000,0x00000000ee280000,0x00000000ef400000)
 ParOldGen       total 55808K, used 22922K [0x00000000a0000000, 0x00000000a3680000, 0x00000000e0000000)
  object space 55808K, 41% used [0x00000000a0000000,0x00000000a16628d0,0x00000000a3680000)
 Metaspace       used 57135K, capacity 59042K, committed 59096K, reserved 1099776K
  class space    used 7902K, capacity 8372K, committed 8408K, reserved 1048576K
Event: 56.290 GC heap after
Heap after GC invocations=14 (full 2):
 PSYoungGen      total 226816K, used 13267K [0x00000000e0000000, 0x00000000ef280000, 0x0000000100000000)
  eden space 210432K, 0% used [0x00000000e0000000,0x00000000e0000000,0x00000000ecd80000)
  from space 16384K, 80% used [0x00000000ee280000,0x00000000eef74c78,0x00000000ef280000)
  to   space 18944K, 0% used [0x00000000ecd80000,0x00000000ecd80000,0x00000000ee000000)
 ParOldGen       total 55808K, used 32050K [0x00000000a0000000, 0x00000000a3680000, 0x00000000e0000000)
  object space 55808K, 57% used [0x00000000a0000000,0x00000000a1f4c998,0x00000000a3680000)
 Metaspace       used 57135K, capacity 59042K, committed 59096K, reserved 1099776K
  class space    used 7902K, capacity 8372K, committed 8408K, reserved 1048576K
}
Event: 56.290 GC heap before
{Heap before GC invocations=15 (full 3):
 PSYoungGen      total 226816K, used 13267K [0x00000000e0000000, 0x00000000ef280000, 0x0000000100000000)
  eden space 210432K, 0% used [0x00000000e0000000,0x00000000e0000000,0x00000000ecd80000)
  from space 16384K, 80% used [0x00000000ee280000,0x00000000eef74c78,0x00000000ef280000)
  to   space 18944K, 0% used [0x00000000ecd80000,0x00000000ecd80000,0x00000000ee000000)
 ParOldGen       total 55808K, used 32050K [0x00000000a0000000, 0x00000000a3680000, 0x00000000e0000000)
  object space 55808K, 57% used [0x00000000a0000000,0x00000000a1f4c998,0x00000000a3680000)
 Metaspace       used 57135K, capacity 59042K, committed 59096K, reserved 1099776K
  class space    used 7902K, capacity 8372K, committed 8408K, reserved 1048576K
Event: 57.347 GC heap after
Heap after GC invocations=15 (full 3):
 PSYoungGen      total 226816K, used 0K [0x00000000e0000000, 0x00000000ef280000, 0x0000000100000000)
  eden space 210432K, 0% used [0x00000000e0000000,0x00000000e0000000,0x00000000ecd80000)
  from space 16384K, 0% used [0x00000000ee280000,0x00000000ee280000,0x00000000ef280000)
  to   space 18944K, 0% used [0x00000000ecd80000,0x00000000ecd80000,0x00000000ee000000)
 ParOldGen       total 84480K, used 36481K [0x00000000a0000000, 0x00000000a5280000, 0x00000000e0000000)
  object space 84480K, 43% used [0x00000000a0000000,0x00000000a23a0678,0x00000000a5280000)
 Metaspace       used 57086K, capacity 58912K, committed 59096K, reserved 1099776K
  class space    used 7886K, capacity 8343K, committed 8408K, reserved 1048576K
}
Event: 80.954 GC heap before
{Heap before GC invocations=16 (full 3):
 PSYoungGen      total 226816K, used 210432K [0x00000000e0000000, 0x00000000ef280000, 0x0000000100000000)
  eden space 210432K, 100% used [0x00000000e0000000,0x00000000ecd80000,0x00000000ecd80000)
  from space 16384K, 0% used [0x00000000ee280000,0x00000000ee280000,0x00000000ef280000)
  to   space 18944K, 0% used [0x00000000ecd80000,0x00000000ecd80000,0x00000000ee000000)
 ParOldGen       total 84480K, used 36481K [0x00000000a0000000, 0x00000000a5280000, 0x00000000e0000000)
  object space 84480K, 43% used [0x00000000a0000000,0x00000000a23a0678,0x00000000a5280000)
 Metaspace       used 64255K, capacity 66498K, committed 66520K, reserved 1105920K
  class space    used 8667K, capacity 9162K, committed 9176K, reserved 1048576K
Event: 80.997 GC heap after
Heap after GC invocations=16 (full 3):
 PSYoungGen      total 229376K, used 10944K [0x00000000e0000000, 0x00000000f3780000, 0x0000000100000000)
  eden space 210432K, 0% used [0x00000000e0000000,0x00000000e0000000,0x00000000ecd80000)
  from space 18944K, 57% used [0x00000000ecd80000,0x00000000ed8300b0,0x00000000ee000000)
  to   space 18944K, 0% used [0x00000000f2500000,0x00000000f2500000,0x00000000f3780000)
 ParOldGen       total 84480K, used 36489K [0x00000000a0000000, 0x00000000a5280000, 0x00000000e0000000)
  object space 84480K, 43% used [0x00000000a0000000,0x00000000a23a2678,0x00000000a5280000)
 Metaspace       used 64255K, capacity 66498K, committed 66520K, reserved 1105920K
  class space    used 8667K, capacity 9162K, committed 9176K, reserved 1048576K
}
Event: 95.231 GC heap before
{Heap before GC invocations=17 (full 3):
 PSYoungGen      total 229376K, used 221376K [0x00000000e0000000, 0x00000000f3780000, 0x0000000100000000)
  eden space 210432K, 100% used [0x00000000e0000000,0x00000000ecd80000,0x00000000ecd80000)
  from space 18944K, 57% used [0x00000000ecd80000,0x00000000ed8300b0,0x00000000ee000000)
  to   space 18944K, 0% used [0x00000000f2500000,0x00000000f2500000,0x00000000f3780000)
 ParOldGen       total 84480K, used 36489K [0x00000000a0000000, 0x00000000a5280000, 0x00000000e0000000)
  object space 84480K, 43% used [0x00000000a0000000,0x00000000a23a2678,0x00000000a5280000)
 Metaspace       used 68026K, capacity 70362K, committed 70616K, reserved 1110016K
  class space    used 9095K, capacity 9620K, committed 9688K, reserved 1048576K
Event: 95.314 GC heap after
Heap after GC invocations=17 (full 3):
 PSYoungGen      total 284672K, used 10247K [0x00000000e0000000, 0x00000000f2f80000, 0x0000000100000000)
  eden space 273920K, 0% used [0x00000000e0000000,0x00000000e0000000,0x00000000f0b80000)
  from space 10752K, 95% used [0x00000000f2500000,0x00000000f2f01e18,0x00000000f2f80000)
  to   space 18432K, 0% used [0x00000000f0b80000,0x00000000f0b80000,0x00000000f1d80000)
 ParOldGen       total 84480K, used 44159K [0x00000000a0000000, 0x00000000a5280000, 0x00000000e0000000)
  object space 84480K, 52% used [0x00000000a0000000,0x00000000a2b1fd60,0x00000000a5280000)
 Metaspace       used 68026K, capacity 70362K, committed 70616K, reserved 1110016K
  class space    used 9095K, capacity 9620K, committed 9688K, reserved 1048576K
}
Event: 119.147 GC heap before
{Heap before GC invocations=18 (full 3):
 PSYoungGen      total 284672K, used 284167K [0x00000000e0000000, 0x00000000f2f80000, 0x0000000100000000)
  eden space 273920K, 100% used [0x00000000e0000000,0x00000000f0b80000,0x00000000f0b80000)
  from space 10752K, 95% used [0x00000000f2500000,0x00000000f2f01e18,0x00000000f2f80000)
  to   space 18432K, 0% used [0x00000000f0b80000,0x00000000f0b80000,0x00000000f1d80000)
 ParOldGen       total 84480K, used 44159K [0x00000000a0000000, 0x00000000a5280000, 0x00000000e0000000)
  object space 84480K, 52% used [0x00000000a0000000,0x00000000a2b1fd60,0x00000000a5280000)
 Metaspace       used 83037K, capacity 86544K, committed 86616K, reserved 1124352K
  class space    used 11150K, capacity 11829K, committed 11864K, reserved 1048576K
Event: 119.493 GC heap after
Heap after GC invocations=18 (full 3):
 PSYoungGen      total 292352K, used 18403K [0x00000000e0000000, 0x00000000f2f80000, 0x0000000100000000)
  eden space 273920K, 0% used [0x00000000e0000000,0x00000000e0000000,0x00000000f0b80000)
  from space 18432K, 99% used [0x00000000f0b80000,0x00000000f1d78fc8,0x00000000f1d80000)
  to   space 10752K, 0% used [0x00000000f2500000,0x00000000f2500000,0x00000000f2f80000)
 ParOldGen       total 84480K, used 65373K [0x00000000a0000000, 0x00000000a5280000, 0x00000000e0000000)
  object space 84480K, 77% used [0x00000000a0000000,0x00000000a3fd75a8,0x00000000a5280000)
 Metaspace       used 83037K, capacity 86544K, committed 86616K, reserved 1124352K
  class space    used 11150K, capacity 11829K, committed 11864K, reserved 1048576K
}

